0:100  0:100  MemLog inited, TSC freq: 2496362780
0:100  0:000  CPU was calibrated with RTC
0:100  0:000  
0:100  0:000  Now is 14.9.2018,  13:48:17 (GMT)
0:100  0:000  Starting Clover revision: 4444.RM-4652.23891(c1f8602f.abe73e2ebe)  on American Megatrends EFI
0:100  0:000  Build with: [Args: -mc --no-usb -D NO_GRUB_DRIVERS_EMBEDDED -t XCODE8 | -D DISABLE_USB_SUPPORT -D NO_GRUB_DRIVERS_EMBEDDED -D USE_BIOS_BLOCKIO -D USE_LOW_EBDA -a X64 -b RELEASE -t XCODE8 -n 9 | OS: 10.13.4 | XCODE: 9.3]
0:100  0:000  SelfDevicePath=PciRoot(0x0)\Pci(0x1D,0x0)\Pci(0x0,0x0)\NVMe(0x1,00-00-00-00-00-00-00-00)\HD(1,GPT,7AE9F659-A169-4F87-907D-790A1CC4D6D5,0x28,0x64000) @86C12B18
0:100  0:000  SelfDirPath = \EFI\BOOT
0:101  0:000  === [ Get Smbios ] ========================================
0:105  0:004  Type 16 Index = 0
0:105  0:000  Total Memory Slots Count = 2
0:105  0:000  Type 17 Index = 0
0:105  0:000  SmbiosTable.Type17->Speed = 2400MHz
0:105  0:000  SmbiosTable.Type17->Size = 8192MB
0:105  0:000  SmbiosTable.Type17->Bank/Device = BANK 0 ChannelA-DIMM0
0:105  0:000  SmbiosTable.Type17->Vendor = Samsung
0:105  0:000  SmbiosTable.Type17->SerialNumber = 34B36921
0:105  0:000  SmbiosTable.Type17->PartNumber = M471A1K43CB1-CRC    
0:105  0:000  Type 17 Index = 1
0:105  0:000  SmbiosTable.Type17->Speed = 2400MHz
0:105  0:000  SmbiosTable.Type17->Size = 8192MB
0:105  0:000  SmbiosTable.Type17->Bank/Device = BANK 2 ChannelB-DIMM0
0:105  0:000  SmbiosTable.Type17->Vendor = Samsung
0:105  0:000  SmbiosTable.Type17->SerialNumber = 371F6DD9
0:105  0:000  SmbiosTable.Type17->PartNumber = M471A1K43BB1-CRC    
0:105  0:000  Boot status=0
0:105  0:000  Running on: 'GL62M 7REX' with board 'MS-16J9'
0:105  0:000  === [ GetCPUProperties ] ==================================
0:105  0:000  CPU Vendor = 756E6547 Model=906E9
0:105  0:000   The CPU supported SSE4.1
0:105  0:000  BrandString = Intel(R) Core(TM) i5-7300HQ CPU @ 2.50GHz
0:105  0:000   The CPU supported turbo
0:105  0:000  MSR 0x35               40004
0:105  0:000   TSC/CCC Information Leaf:
0:105  0:000    numerator     : 208
0:105  0:000    denominator   : 2
0:105  0:000   Calibrated ARTFrequency: 24003488
0:105  0:000  MSR 0xE2 before patch 1E000008
0:105  0:000  MSR 0xCE              0008083B_F1011900
0:105  0:000  corrected FLEX_RATIO = 0
0:105  0:000  MSR 0x1B0             00000000
0:105  0:000  FSBFrequency = 124 MHz, DMI FSBFrequency = 100 MHz, Corrected FSBFrequency = 100 MHz
0:105  0:000  MaxDiv/MinDiv: 25.0/8
0:105  0:000  Turbo: 31/32/33/35
0:105  0:000  Features: 0xBFEBFBFF
0:105  0:000  Threads: 4
0:105  0:000  Cores: 4
0:105  0:000  FSB: 100 MHz
0:105  0:000  CPU: 3100 MHz
0:105  0:000  TSC: 3100 MHz
0:105  0:000  PIS: 100 MHz
0:105  0:000  ExternalClock: 25 MHz
0:105  0:000  === [ GetDevices ] ========================================
0:105  0:000  PCI (00|00:00.00) : 8086 5910 class=060000
0:106  0:000  PCI (00|00:01.00) : 8086 1901 class=060400
0:106  0:000  PCI (00|01:00.00) : 10DE 1C8C class=030200
0:106  0:000  PCI (00|00:02.00) : 8086 591B class=030000
0:106  0:000   - GFX: Model=Intel HD Graphics 630 (Intel)
0:106  0:000  PCI (00|00:14.00) : 8086 A12F class=0C0330
0:106  0:000  PCI (00|00:14.02) : 8086 A131 class=118000
0:106  0:000  PCI (00|00:16.00) : 8086 A13A class=078000
0:106  0:000  PCI (00|00:17.00) : 8086 A103 class=010601
0:106  0:000  PCI (00|00:1C.00) : 8086 A110 class=060400
0:106  0:000  PCI (00|02:00.00) : 14E4 43A0 class=028000
0:106  0:000   - WIFI: Vendor=Broadcom
0:106  0:000  PCI (00|00:1C.03) : 8086 A113 class=060400
0:106  0:000  PCI (00|03:00.00) : 1969 10A1 class=020000
0:106  0:000   - LAN: 0 Vendor=Atheros
0:106  0:000  PCI (00|00:1D.00) : 8086 A118 class=060400
0:106  0:000  PCI (00|04:00.00) : 126F 2262 class=010802
0:106  0:000  PCI (00|00:1F.00) : 8086 A152 class=060100
0:106  0:000  PCI (00|00:1F.02) : 8086 A121 class=058000
0:106  0:000  PCI (00|00:1F.03) : 8086 A171 class=040300
0:106  0:000  PCI (00|00:1F.04) : 8086 A123 class=0C0500
0:106  0:000  === [ GetDefaultSettings ] ================================
0:106  0:000  Clover load options size = 0 bytes
0:108  0:002  EFI\CLOVER\config.plist loaded: Success
0:114  0:005  === [ GetListOfThemes ] ===================================
0:114  0:000  - [00]: random
0:114  0:000  - [00]: embedded
0:115  0:000  - [00]: tonymacx86
0:115  0:000  === [ Found config plists ] ===============================
0:115  0:000  - config.plist
0:116  0:000  === [ GetEarlyUserSettings ] ==============================
0:116  0:000  timeout set to 5
0:116  0:000  Custom boot CUSTOM_BOOT_DISABLED (0x0)
0:116  0:000  KextsToPatch: 3 requested
0:116  0:000   - [00]: AppleAHCIPort (External icons patch) :: BinPatch :: data len: 8
0:116  0:000   - [01]: com.apple.driver.AppleIntelKBLGraphicsFramebuffer (Disable minStolenSize less or equal fStolenMemorySize assertion, 10.13 (based on Austere.J patch by Ricky)) :: MatchOS: 10.13.x :: BinPatch :: data len: 6
0:116  0:000   - [02]: com.apple.driver.usb.AppleUSBXHCI (disable port limit in XHCI kext (credit RehabMan, based prior PMHeart patch)) :: MatchOS: 10.13.6 :: BinPatch :: data len: 10
0:116  0:000  Default theme: tonymacx86
0:116  0:000  === [ LoadDrivers ] =======================================
0:117  0:001  Loading apfs.efi  status=Success
0:119  0:001   - driver needs connecting
0:119  0:000  Loading AppleImageCodec-64.efi  status=Success
0:120  0:001  Loading AppleUITheme-64.efi  status=Success
0:121  0:001  Loading AppleKeyAggregator-64.efi  status=Success
0:122  0:000  Loading VBoxHfs-64.efi  status=Success
0:123  0:001   - driver needs connecting
0:123  0:000  Loading DataHubDxe-64.efi  status=Success
0:125  0:001  Loading FSInject-64.efi  status=Success
0:126  0:000  Loading FirmwareVolume-64.efi  status=Success
0:127  0:000  Loading EmuVariableUefi-64.efi  status=Success
0:128  0:001  EmuVariableUefi Initialize: VariableCommonInitialize = Success, orig services stored, install gEmuVariableControlProtocolGuid = Success
0:128  0:000  Loading SMCHelper-64.efi  status=Success
0:129  0:000  Loading OsxAptioFix3Drv-64.efi  status=Success
0:130  0:000  2 drivers needs connecting ...
0:130  0:000  PlatformDriverOverrideProtocol not found. Installing ... Success
0:130  0:000  APFS driver loaded
0:130  0:000  Searching for invalid DiskIo BY_DRIVER connects: not found, all ok
3:213  3:083  EmuVariable InstallEmulation: orig vars copied, emu.var.services installed, CreateEvent VirtualAddressChange = Success, CreateEvent ExitBootServices = Success, set Status=Success
3:305  0:092  === [ InitScreen ] ========================================
3:305  0:000  SetScreenResolution: 1920x1080 - already set
3:305  0:000  Console modes reported: 4, available modes:
3:305  0:000   - [01]: 80x25 (current mode)
3:305  0:000   - [03]: 100x31
3:305  0:000   - [04]: 240x56
3:305  0:000  reinit: self device path=PciRoot(0x0)\Pci(0x1D,0x0)\Pci(0x0,0x0)\NVMe(0x1,00-00-00-00-00-00-00-00)\HD(1,GPT,7AE9F659-A169-4F87-907D-790A1CC4D6D5,0x28,0x64000)
3:306  0:000  Using embedded font: Success
3:306  0:000  === [ GetMacAddress ] =====================================
3:306  0:000  MAC address of LAN #0= 4C:CC:6A:E2:F5:DA:
3:306  0:000  === [ ScanSPD ] ===========================================
3:307  0:000  SMBus device : 8086 A123 class=0C0500 status=Success
3:307  0:000  SMBus CmdReg: 0x3
3:307  0:000  Scanning SMBus [8086:A123], mmio: 0xDF72A004, ioport: 0xF040, hostc: 0x11
3:307  0:000  Slots to scan [8]...
3:307  0:000  SPD[0]: Type 12 @0x50
3:325  0:017  DDR speed 2400MHz
3:325  0:000  Slot: 0 Type 26 8192MB 2400MHz Vendor=Samsung PartNo=M471A1K43CB1-CRC SerialNo=03040B0306090201
3:325  0:000  SPD[2]: Type 12 @0x52
3:343  0:017  DDR speed 2400MHz
3:343  0:000  Slot: 2 Type 26 8192MB 2400MHz Vendor=Samsung PartNo=M471A1K43BB1-CRC SerialNo=0307010F060D0D09
3:344  0:000  === [ GetAcpiTablesList ] =================================
3:353  0:008  Get Acpi Tables List from RSDT:
3:353  0:000   - [00]: FACP  MEGABOOK len=132
3:353  0:000   - [01]: APIC  MEGABOOK len=132
3:353  0:000   - [02]: FPDT  MEGABOOK len=68
3:353  0:000   - [03]: ECDT  MEGABOOK len=193
3:353  0:000   - [04]: MCFG  MEGABOOK len=60
3:353  0:000   - [05]: SSDT  SataTabl len=802
3:353  0:000   - [06]: FIDT  MEGABOOK len=156
3:353  0:000   - [07]: SSDT  PerfTune len=1880
3:353  0:000   - [08]: MSDM  MEGABOOK len=85
3:353  0:000   - [09]: SLIC  MEGABOOK len=374
3:353  0:000   - [10]: SSDT  SaSsdt  len=12671
3:353  0:000   - [11]: SSDT  PegSsdt len=10097
3:353  0:000   - [12]: HPET  KBL len=56
3:353  0:000   - [13]: SSDT  RV11Rtd3 len=24059
3:353  0:000   - [14]: SSDT  Ther_Rvp len=3557
3:353  0:000   - [15]: UEFI  EDK2     len=66
3:353  0:000   - [16]: SSDT  CpuSsdt len=3806
3:353  0:000   - [17]: LPIT  KBL len=148
3:353  0:000   - [18]: WSMT  KBL len=40
3:353  0:000   - [19]: SSDT  sensrhub len=671
3:353  0:000   - [20]: DBGP   len=52
3:353  0:000   - [21]: DBG2   len=84
3:353  0:000   - [22]: BGRT  MEGABOOK len=56
3:353  0:000   - [23]: SSDT  SgPeg len=174
3:353  0:000   - [24]: SSDT  OptTabl len=6804
3:353  0:000   - [25]: ASF!   HCG len=160
3:353  0:000  Calibrated TSC Frequency = 2496362780 = 2496MHz
3:353  0:000  === [ GetUserSettings ] ===================================
3:353  0:000  USB FixOwnership: yes
3:353  0:000  Dropping 3 tables:
3:353  0:000   - [00]: Drop table  signature="DMAR" (52414D44)
3:353  0:000           - set table: 52414D44,                0 to drop: no
3:353  0:000   - [01]: Drop table  signature="SSDT" (54445353) table-id="CpuPm" (0000006D50757043)
3:353  0:000           - set table: 54445353,       6D50757043 to drop: no
3:353  0:000   - [02]: Drop table  signature="SSDT" (54445353) table-id="Cpu0Ist" (0074734930757043)
3:353  0:000           - set table: 54445353,   74734930757043 to drop: no
3:353  0:000   - final DSDT Fix mask=01000004
3:353  0:000  PatchesDSDT: 6 requested
3:353  0:000   - [00]: (Rename GFX0 to IGPU) lenToFind: 4, lenToReplace: 4, Target Bridge: <null string>
3:353  0:000   - [01]: (Rename oem _DSM to ZDSM) lenToFind: 4, lenToReplace: 4, Target Bridge: <null string>
3:353  0:000   - [02]: (Rename HECI to IMEI) lenToFind: 4, lenToReplace: 4, Target Bridge: <null string>
3:353  0:000   - [03]: (change HDAS to HDEF) lenToFind: 4, lenToReplace: 4, Target Bridge: <null string>
3:353  0:000   - [04]: (change MEI to IMEI) lenToFind: 4, lenToReplace: 4, Target Bridge: <null string>
3:353  0:000   - [05]: (change SAT0 to SATA) lenToFind: 4, lenToReplace: 4, Target Bridge: <null string>
3:353  0:000  Using ProductName from config: MacBookPro14,1
3:353  0:000  Found same BiosVersion in clover and config
3:353  0:000  BiosVersion: MBP141.88Z.0173.B00.1802081002
3:353  0:000  BiosReleaseDate: 02/08/2018
3:353  0:000  Using FirmwareFeatures from config: 0xFC0FE137
3:353  0:000  Using FirmwareFeaturesMask from config: 0xFF1FFF3F
3:353  0:000  Board-ID set from config as Mac-B4831CEBD52A0C4C
3:353  0:000  BoardType: 0xA
3:353  0:000  ChassisType: 0x9
3:392  0:038  === [ ScanVolumes ] =======================================
3:392  0:000  Found 13 volumes with blockIO
3:392  0:000  - [00]: Volume: PciRoot(0x0)\Pci(0x17,0x0)\Sata(0x2,0xFFFF,0x0)
3:392  0:000  - [01]: Volume: PciRoot(0x0)\Pci(0x17,0x0)\Sata(0x2,0xFFFF,0x0)\HD(1,GPT,6BF4BDC5-F12D-4F97-ABE5-8D59FC09B0E9,0x800,0x96000)
3:393  0:000          Result of bootcode detection: bootable Windows (vista,win)
3:394  0:001  - [02]: Volume: PciRoot(0x0)\Pci(0x17,0x0)\Sata(0x2,0xFFFF,0x0)\HD(2,GPT,57DB653C-F0CF-48F9-A7DC-9D0124383C46,0x96800,0x40000)
3:395  0:000  - [03]: Volume: PciRoot(0x0)\Pci(0x17,0x0)\Sata(0x2,0xFFFF,0x0)\HD(3,GPT,F1BDA71B-06CF-4FC7-AD88-B2BFD604437C,0xD6800,0xEBE3800)
3:395  0:000          Result of bootcode detection: bootable Windows (vista,win)
3:395  0:000  - [04]: Volume: PciRoot(0x0)\Pci(0x17,0x0)\Sata(0x2,0xFFFF,0x0)\HD(4,GPT,79E21B5C-64FA-4D43-A8A5-2DF765A48213,0xECBA000,0x1C2000)
3:396  0:000          Result of bootcode detection: bootable Windows (vista,win)
3:396  0:000  - [05]: Volume: PciRoot(0x0)\Pci(0x1D,0x0)\Pci(0x0,0x0)\NVMe(0x1,00-00-00-00-00-00-00-00)
3:396  0:000  - [06]: Volume: PciRoot(0x0)\Pci(0x1D,0x0)\Pci(0x0,0x0)\NVMe(0x1,00-00-00-00-00-00-00-00)\HD(1,GPT,7AE9F659-A169-4F87-907D-790A1CC4D6D5,0x28,0x64000)
3:396  0:000          Result of bootcode detection: bootable unknown (legacy)
3:396  0:000          This is SelfVolume !!
3:396  0:000  - [07]: Volume: PciRoot(0x0)\Pci(0x1D,0x0)\Pci(0x0,0x0)\NVMe(0x1,00-00-00-00-00-00-00-00)\HD(2,GPT,A06723C3-A8C9-4A14-9031-32115382BF35,0x64028,0x2E94EDD0)
3:397  0:000          Result of bootcode detection: bootable unknown (legacy)
3:397  0:000  - [08]: Volume: PciRoot(0x0)\Pci(0x1D,0x0)\Pci(0x0,0x0)\NVMe(0x1,00-00-00-00-00-00-00-00)\HD(3,GPT,D639B937-C6E3-4857-A602-3F7C19D306BC,0x2E9B2DF8,0xCFEE490)
3:397  0:000  - [09]: Volume: PciRoot(0x0)\Pci(0x1D,0x0)\Pci(0x0,0x0)\NVMe(0x1,00-00-00-00-00-00-00-00)\HD(2,GPT,A06723C3-A8C9-4A14-9031-32115382BF35,0x64028,0x2E94EDD0)\VenMedia(BE74FCF7-0B7C-49F3-9147-01F4042E6842,BA444DC4AF949F4896F9E8361993135C)
3:397  0:000  - [10]: Volume: PciRoot(0x0)\Pci(0x1D,0x0)\Pci(0x0,0x0)\NVMe(0x1,00-00-00-00-00-00-00-00)\HD(2,GPT,A06723C3-A8C9-4A14-9031-32115382BF35,0x64028,0x2E94EDD0)\VenMedia(BE74FCF7-0B7C-49F3-9147-01F4042E6842,A55A1127540B0447A0FC8D5E8D31F525)
3:397  0:000  - [11]: Volume: PciRoot(0x0)\Pci(0x1D,0x0)\Pci(0x0,0x0)\NVMe(0x1,00-00-00-00-00-00-00-00)\HD(2,GPT,A06723C3-A8C9-4A14-9031-32115382BF35,0x64028,0x2E94EDD0)\VenMedia(BE74FCF7-0B7C-49F3-9147-01F4042E6842,1E313CC1D560554A862E8D126322B536)
3:397  0:000  - [12]: Volume: PciRoot(0x0)\Pci(0x1D,0x0)\Pci(0x0,0x0)\NVMe(0x1,00-00-00-00-00-00-00-00)\HD(2,GPT,A06723C3-A8C9-4A14-9031-32115382BF35,0x64028,0x2E94EDD0)\VenMedia(BE74FCF7-0B7C-49F3-9147-01F4042E6842,F69B1E87C2FBE048AE0439B741D6A214)
3:399  0:002  Loading nvram.plist from Vol 'EFI' - loaded, size=2911
3:400  0:001  === [ PutNvramPlistToRtVars ] =============================
3:400  0:000   Adding Key: EFILoginHiDPI: Size = 4, Data: 01 00 00 00 
3:400  0:000   Skipping EmuVariableUefiPresent
3:400  0:000   Adding Key: LocationServicesEnabled: Size = 1, Data: 01 
3:400  0:000   Adding Key: backlight-level: Size = 2, Data: 18 03 
3:400  0:000   Adding Key: bluetoothInternalControllerInfo: Size = 14, Data: 8F 82 AC 05 00 00 A3 14 8C 29 37 EA B1 B5 
3:400  0:000   Adding Key: csr-active-config: Size = 4, Data: 67 00 00 00 
3:400  0:000   Adding Key: fakesmc-key-#KEY-ui32: Size = 4, Data: 00 00 00 11 
3:400  0:000   Adding Key: fakesmc-key-$Adr-ui32: Size = 4, Data: 00 00 03 00 
3:400  0:000   Adding Key: fakesmc-key-$Num-ui8: Size = 1, Data: 01 
3:400  0:000   Adding Key: fakesmc-key-BATP-flag: Size = 1, Data: 00 
3:400  0:000   Adding Key: fakesmc-key-BBIN-ui8: Size = 1, Data: 01 
3:400  0:000   Adding Key: fakesmc-key-BEMB-flag: Size = 1, Data: 01 
3:400  0:000   Adding Key: fakesmc-key-BNum-ui8: Size = 1, Data: 01 
3:400  0:000   Adding Key: fakesmc-key-EPCI-ui32: Size = 4, Data: 09 B0 F0 00 
3:400  0:000   Adding Key: fakesmc-key-MSAc-ui16: Size = 2, Data: 00 00 
3:400  0:000   Adding Key: fakesmc-key-MSFW-ui8: Size = 2, Data: 01 00 
3:400  0:000   Adding Key: fakesmc-key-MSPS-ui16: Size = 2, Data: 00 03 
3:400  0:000   Adding Key: fakesmc-key-MSTc-ui8: Size = 1, Data: 00 
3:400  0:000   Adding Key: fakesmc-key-MSWr-ui8: Size = 1, Data: 00 
3:400  0:000   Adding Key: fakesmc-key-RBr -ch8*: Size = 8, Data: 32 30 31 37 6D 62 70 00 
3:400  0:000   Adding Key: fakesmc-key-REV -ch8*: Size = 6, Data: 02 43 0F 00 00 06 
3:400  0:000   Adding Key: fakesmc-key-RMde-char: Size = 1, Data: 41 
3:400  0:000   Adding Key: fakesmc-key-RPlt-ch8*: Size = 8, Data: 6A 31 33 30 61 00 00 00 
3:400  0:000   Adding Key: fmm-computer-name: Size = 11, Data: 4D 61 63 42 6F 6F 6B 20 50 72 6F 
3:400  0:000   Adding Key: fmm-mobileme-token-FMM: Size = 678, Data: 62 70 6C 69 73 74 30 30 DC 01 02 03 04 05 06 07 08 09 0A 0B 0C 0D 0E 10 0D 11 0D 12 13 14 15 16 1D 5F 10 0F 75 6E 72 65 67 69 73 74 65 72 53 74 61 74 65 5F 10 12 65 6E 61 62 6C 65 64 44 61 74 61 63 6C 61 73 73 65 73 59 61 75 74 68 54 6F 6B 65 6E 5E 64 69 73 61 62 6C 65 43 6F 6E 74 65 78 74 56 75 73 65 72 69 64 5D 65 6E 61 62 6C 65 43 6F 6E 74 65 78 74 58 75 73 65 72 6E 61 6D 65 58 70 65 72 73 6F 6E 49 44 57 61 64 64 54 69 6D 65 54 67 75 69 64 58 75 73 65 72 49 6E 66 6F 5F 10 13 64 61 74 61 63 6C 61 73 73 50 72 6F 70 65 72 74 69 65 73 10 00 A1 0F 5F 10 21 63 6F 6D 2E 61 70 70 6C 65 2E 44 61 74 61 63 6C 61 73 73 2E 44 65 76 69 63 65 4C 6F 63 61 74 6F 72 5F 10 28 41 51 41 41 41 41 42 62 6D 35 63 54 50 49 70 49 76 4A 65 49 63 62 39 68 61 49 70 41 50 58 75 41 46 6A 77 34 4F 49 34 7E 11 01 F5 5F 10 19 72 6F 64 65 72 69 63 6B 40 6B 61 72 6C 65 6D 73 74 72 61 6E 64 2E 63 6F 6D 5B 31 32 30 37 37 38 32 36 31 32 33 23 41 D6 E6 E5 C5 D7 B8 BB 5F 10 24 42 39 38 38 46 45 36 36 2D 31 42 42 38 2D 34 31 43 44 2D 42 38 33 36 2D 45 38 42 37 33 39 43 33 37 41 45 44 D3 17 18 19 1A 1B 1C 5F 10 15 49 6E 55 73 65 4F 77 6E 65 72 44 69 73 70 6C 61 79 4E 61 6D 65 5F 10 13 49 6E 55 73 65 4F 77 6E 65 72 46 69 72 73 74 4E 61 6D 65 5F 10 12 49 6E 55 73 65 4F 77 6E 65 72 4C 61 73 74 4E 61 6D 65 5F 10 15 52 6F 64 65 72 69 63 6B 20 4B 61 72 6C 65 6D 73 74 72 61 6E 64 58 52 6F 64 65 72 69 63 6B 5C 4B 61 72 6C 65 6D 73 74 72 61 6E 64 D1 0F 1E D4 1F 20 21 22 23 24 25 26 56 61 70 73 45 6E 76 58 68 6F 73 74 6E 61 6D 65 5D 61 75 74 68 4D 65 63 68 61 6E 69 73 6D 56 73 63 68 65 6D 65 5A 50 72 6F 64 75 63 74 69 6F 6E 5F 10 13 70 32 34 2D 66 6D 69 70 2E 69 63 6C 6F 75 64 2E 63 6F 6D 55 74 6F 6B 65 6E 55 68 74 74 70 73 00 08 00 21 00 33 00 48 00 52 00 61 00 68 00 76 00 7F 00 88 00 90 00 95 00 9E 00 B4 00 B6 00 B8 00 DC 01 07 01 0A 01 26 01 32 01 3B 01 62 01 69 01 81 01 97 01 AC 01 C4 01 CD 01 DA 01 DD 01 E6 01 ED 01 F6 02 04 02 0B 02 16 02 2C 02 32 00 00 00 00 00 00 02 01 00 00 00 00 00 00 00 27 00 00 00 00 00 00 00 00 00 00 00 00 00 00 02 38 
3:400  0:000   Adding Key: prev-lang:kbd: Size = 4, Data: 65 6E 3A 30 
3:400  0:000   Adding Key: security-mode: String: Size = 4, Val = 'none'
3:400  0:000   Adding Key: specialbootdevice: Size = 122, Data: 02 01 0C 00 D0 41 03 0A 00 00 00 00 01 01 06 00 00 1D 01 01 06 00 00 00 03 17 10 00 01 00 00 00 00 00 00 00 00 00 00 00 04 01 2A 00 02 00 00 00 28 40 06 00 00 00 00 00 D0 ED 94 2E 00 00 00 00 C3 23 67 A0 C9 A8 14 4A 90 31 32 11 53 82 BF 35 02 02 04 03 24 00 F7 FC 74 BE 7C 0B F3 49 91 47 01 F4 04 2E 68 42 A5 5A 11 27 54 0B 04 47 A0 FC 8D 5E 8D 31 F5 25 7F FF 04 00 
3:401  0:000  === [ InitTheme ] =========================================
3:401  0:000  Using theme 'tonymacx86' (EFI\CLOVER\themes\tonymacx86)
3:401  0:000  Loading font from ThemeDir: Error
3:402  0:000  Choosing theme tonymacx86
3:402  0:000  after NVRAM boot-args=-v slide=0 dart=0 nv_disable=1 -disablegfxfirmware
3:402  0:000  === [ Dump SMC keys from NVRAM ] ==========================
3:402  0:000  found AppleSMC protocol
3:403  0:000  Registered 17 SMC keys
3:403  0:000  === [ ScanLoader ] ========================================
3:403  0:000  - [01]: 'SYSTEM'
3:410  0:007          AddLoaderEntry for Volume Name=SYSTEM
3:444  0:033  - [03]: 'Windows'
3:457  0:013  - [04]: 'WinRE tools'
3:470  0:013  - [06]: 'EFI'
3:484  0:014  - [08]: 'Windows Data'
3:498  0:013  - [09]: 'Preboot'
3:505  0:006          AddLoaderEntry for Volume Name=Preboot
3:510  0:005      hibernated: set as never
3:514  0:003          AddLoaderEntry for Volume Name=Preboot
3:542  0:028  - [10]: 'Macintosh SSD'
3:587  0:044          AddLoaderEntry for Volume Name=Macintosh SSD
3:596  0:009      hibernated: set as never
3:628  0:031  - [11]: 'Recovery'
3:633  0:005          AddLoaderEntry for Volume Name=Recovery
3:660  0:027  - [12]: 'VM'
3:673  0:013  Scanning legacy ...
3:673  0:000   1: 'SYSTEM' (vista,win) add legacy
3:674  0:001   added 'Boot Windows from SYSTEM' OSType=2 Icon=vista,win
3:674  0:000   3: 'Windows' (vista,win) add legacy
3:675  0:001   added 'Boot Windows from Windows' OSType=2 Icon=vista,win
3:675  0:000   4: 'WinRE tools' (vista,win) add legacy
3:676  0:001   added 'Boot Windows from WinRE tools' OSType=2 Icon=vista,win
3:676  0:000  === [ AddCustomTool ] =====================================
3:677  0:000  found tool \EFI\CLOVER\tools\Shell64U.efi
3:677  0:000  Checking EFI partition Volume 1 for Clover
3:679  0:002  Checking EFI partition Volume 6 for Clover
3:679  0:000   Found Clover
3:680  0:000  EmuVariable UninstallEmulation: CloseEvent = Success, original var services restored
3:681  0:001  EmuVariable InstallEmulation: orig vars copied, emu.var.services installed, CreateEvent VirtualAddressChange = Success, CreateEvent ExitBootServices = Success, set Status=Success
3:775  0:093  === [ GetEfiBootDeviceFromNvram ] =========================
3:775  0:000   - found entry 3. 'Boot macOS from Macintosh SSD', Volume 'Macintosh SSD', DevicePath 'PciRoot(0x0)\Pci(0x1D,0x0)\Pci(0x0,0x0)\NVMe(0x1,00-00-00-00-00-00-00-00)\HD(2,GPT,A06723C3-A8C9-4A14-9031-32115382BF35,0x64028,0x2E94EDD0)\VenMedia(BE74FCF7-0B7C-49F3-9147-01F4042E6842,A55A1127540B0447A0FC8D5E8D31F525)\System\Library\CoreServices\boot.efii'
3:775  0:000  EmuVariable UninstallEmulation: CloseEvent = Success, original var services restored
3:775  0:000  DefaultIndex=3 and MainMenu.EntryCount=14
3:886  0:110  GUI ready
9:351  5:465  BootVariable of the entry is empty
9:351  0:000  === [ StartLoader ] =======================================
9:351  0:000  Finally: ExternalClock=24MHz BusSpeed=99854kHz CPUFreq=2496MHz PIS: hw.busfrequency=96000000Hz
9:351  0:000  Loading boot.efi  status=Success
9:416  0:065  GetOSVersion: 10.13.6 (17G65)
9:416  0:000  CSR_CFG: CSR_ALLOW_UNTRUSTED_KEXTS | CSR_ALLOW_UNRESTRICTED_FS | CSR_ALLOW_TASK_FOR_PID | CSR_ALLOW_UNRESTRICTED_DTRACE | CSR_ALLOW_UNRESTRICTED_NVRAM
9:416  0:000  Filtering KextPatches:
9:416  0:000   - [00]: AppleAHCIPort (External icons patch) :: BinPatch :: [OS: 10.13.6 | MatchOS: All | MatchBuild: All] ==> allowed
9:416  0:000   - [01]: com.apple.driver.AppleIntelKBLGraphicsFramebuffer (Disable minStolenSize less or equal fStolenMemorySize assertion, 10.13 (based on Austere.J patch by Ricky)) :: BinPatch :: [OS: 10.13.6 | MatchOS: 10.13.x | MatchBuild: All] ==> allowed
9:416  0:000   - [02]: com.apple.driver.usb.AppleUSBXHCI (disable port limit in XHCI kext (credit RehabMan, based prior PMHeart patch)) :: BinPatch :: [OS: 10.13.6 | MatchOS: 10.13.6 | MatchBuild: All] ==> allowed
9:416  0:000  Will not patch boot.efi
9:416  0:000  EmuVariable InstallEmulation: orig vars copied, emu.var.services installed, CreateEvent VirtualAddressChange = Success, CreateEvent ExitBootServices = Success, set Status=Success
9:509  0:092  === [ PatchSmbios ] =======================================
9:509  0:000  insert table 9 for dev 0:0
9:509  0:000  insert table 9 for dev 0:0
9:510  0:000  Trusting SMBIOS...
9:510  0:000  Detected alternating SMBIOS channel banks
9:510  0:000  Channels: 2
9:510  0:000  Interleave: 0 2 1 3 4 6 5 7 8 10 9 11 12 14 13 15 16 18 17 19 20 22 21 23
9:510  0:000   partNum=M471A1K43CB1-CRC    
9:510  0:000  SMBIOS Type 17 Index = 0 => 0 0:
9:510  0:000  BANK 0 DIMM0 2400MHz 8192MB
9:510  0:000   partNum=M471A1K43BB1-CRC    
9:510  0:000  SMBIOS Type 17 Index = 1 => 1 2:
9:510  0:000  BANK 1 DIMM0 2400MHz 8192MB
9:510  0:000  mTotalSystemMemory = 16384
9:510  0:000  NumberOfMemoryDevices = 2
9:510  0:000  Type20[0]->End = 0x7FFFFF, Type17[0] = 0x2000
9:510  0:000  Type20[1]->End = 0xFFFFFF, Type17[1] = 0x6000
9:510  0:000  Table 131 is present, CPUType=31
9:510  0:000  Change to: 605
9:510  0:000  === [ PatchACPI ] =========================================
9:510  0:000  Xsdt reallocation done
9:510  0:000  old FADT length=114
9:510  0:000   SignatureFixup: 0x54525D2C -> 0x0
9:511  0:000  DSDT found in Clover volume OEM folder: EFI\CLOVER\ACPI\patched\DSDT.aml
9:511  0:000  Apply DsdtFixMask=0x01000004
9:511  0:000     drop _DSM mask=0xFFFF
9:511  0:000  === [ FixBiosDsdt ] =======================================
9:511  0:000  VideoCard devID=0x591B8086
9:511  0:000  DisplayADR1[0] = 0x20000, DisplayADR2[0] = 0xFFFE
9:511  0:000  USBADR[0] = 0x140000 and PCIe = 0xFFFE
9:511  0:000  Found Airport BCM at 0x1C0000, 0x0
9:525  0:013  Patching DSDT:
9:525  0:000   - [Rename GFX0 to IGPU]: pattern 47465830, bin not found / already patched!
9:525  0:000   - [Rename oem _DSM to ZDSM]: pattern 5F44534D, patched at: [ (3CEE) (307) (388) (388) (388) (388) (388) (388) (388) (388) (388) (388) (388) (388) (388) (388) (388) (388) (388) (371) (371) (371) (371) (388) (388) (1EE0) (77) (29) (727) (101) (6) (6F9) (511) (23A2) (D3) (D3) (D3) (D3) (D3) (BE) (BE) (CC) (104) (104) (2B2) (603) (F2D) (14A) (9B) (37) (EC) (395A) (714) (6BE) (6BE) (6BE) (6D7) (6BE) (6BE) (6BE) (6D7) (6BE) (6BE) (6BE) (6BE) (6BE) (6BE) (6BE) (6BE) (6BE) (6BE) (6BE) (21A7) (1DF7) (1FD) (1FC) (1FC) (212) (20F) (210) (210) (503) (929) (92C) (92C) (6E7) (1F0) (14D) (F4A) ]
9:525  0:000   - [Rename HECI to IMEI]: pattern 48454349, bin not found / already patched!
9:526  0:000   - [change HDAS to HDEF]: pattern 48444153, patched at: [ (C3CB) (C5) ]
9:526  0:000   - [change MEI to IMEI]: pattern 4D45495F, bin not found / already patched!
9:526  0:000   - [change SAT0 to SATA]: pattern 53415430, patched at: [ (5A8) (271) (E) (E) (BCB4) (30) (10A43) (3F) (14E1) (4E2) (2A) (29) (2E) (2E) (2E) (2E) ]
9:526  0:000  first CPU found at 96DD offset 96E0
9:526  0:000  score candidate at 96D9
9:526  0:000  score inserted in acpi_cpu_score _PR_
9:526  0:000  Found ACPI CPU: CPU0 | CPU1 | CPU2 | CPU3 | CPU4 | CPU5 | CPU6 | CPU7 , within the score: _PR_
9:527  0:000  Start PNLF Fix
9:527  0:000  Start SHUTDOWN Fix len=28940
9:527  0:000  PreCleanup XSDT: count=26, length=244
9:527  0:000  PreCleanup XSDT, corrected XSDT: count=26, length=244
9:527  0:000  === [ ACPIDropTables ] ====================================
9:527  0:000  === [ DropSSDT ] ==========================================
9:527  0:000  Drop tables from XSDT, SIGN=SSDT TableID= Length=0
9:527  0:000   Table[5]: SSDT  SataTabl  802 dropped
9:527  0:000   Table[7]: SSDT  PerfTune  1880 dropped
9:527  0:000   Table[10]: SSDT  SaSsdt   12671 dropped
9:527  0:000   Table[11]: SSDT  PegSsdt  10097 dropped
9:527  0:000   Table[13]: SSDT  RV11Rtd3  24059 dropped
9:527  0:000   Table[14]: SSDT  Ther_Rvp  3557 dropped
9:527  0:000   Table[16]: SSDT  CpuSsdt  3806 dropped
9:527  0:000   Table[19]: SSDT  sensrhub  671 dropped
9:527  0:000   Table[23]: SSDT  SgPeg  174 dropped
9:527  0:000   Table[24]: SSDT  OptTabl  6804 dropped
9:527  0:000  === [ ACPIPatchedAML ] ====================================
9:527  0:000  Unsorted
9:527  0:000  Inserting SSDT-pr.aml from EFI\CLOVER\ACPI\patched: size=138 ... Success
9:528  0:000  Inserting SSDT-9.aml from EFI\CLOVER\ACPI\patched: size=6868 ... Success
9:528  0:000  Inserting SSDT-8.aml from EFI\CLOVER\ACPI\patched: size=174 ... Success
9:528  0:000  Inserting SSDT-7.aml from EFI\CLOVER\ACPI\patched: size=671 ... Success
9:528  0:000  Inserting SSDT-6.aml from EFI\CLOVER\ACPI\patched: size=3792 ... Success
9:528  0:000  Inserting SSDT-5.aml from EFI\CLOVER\ACPI\patched: size=3557 ... Success
9:528  0:000  Inserting SSDT-4.aml from EFI\CLOVER\ACPI\patched: size=24106 ... Success
9:528  0:000  Inserting SSDT-3.aml from EFI\CLOVER\ACPI\patched: size=10133 ... Success
9:528  0:000  Inserting SSDT-2.aml from EFI\CLOVER\ACPI\patched: size=11757 ... Success
9:528  0:000  Inserting SSDT-1.aml from EFI\CLOVER\ACPI\patched: size=1886 ... Success
9:529  0:000  Inserting SSDT-0.aml from EFI\CLOVER\ACPI\patched: size=803 ... Success
9:529  0:000  CPUBase=0 and ApicCPUBase=1 ApicCPUNum=1
9:529  0:000  Maximum control=0x19
9:529  0:000  Turbo control=0x23
9:529  0:000  P-States: min 0x8, max 0x23
9:529  0:000  SSDT with plugin-type without P-States is generated
9:529  0:000  SSDT with CPU C-States generated successfully
9:529  0:000  Cleanup XSDT: count=39, length=348
9:529  0:000  corrected XSDT count=29, length=268
9:529  0:000  === [ RestSetup macOS ] ===================================
9:529  0:000  EdidDiscovered size=128
9:529  0:000  --- Discovered EDID Table size:128
9:529  0:000  000  |  00  FF  FF  FF  FF  FF  FF  00  0D  AE
9:529  0:000  010  |  D6  15  00  00  00  00  26  19  01  04
9:529  0:000  020  |  95  22  13  78  02  42  05  AC  4F  44
9:529  0:000  030  |  AC  28  0C  50  54  00  00  00  01  01
9:529  0:000  040  |  01  01  01  01  01  01  01  01  01  01
9:529  0:000  050  |  01  01  01  01  B4  3B  80  4A  71  38
9:529  0:000  060  |  34  40  2C  1C  24  00  58  C1  10  00
9:529  0:000  070  |  00  18  00  00  00  FE  00  4E  31  35
9:529  0:000  080  |  36  48  47  41  2D  45  41  4C  0A  20
9:529  0:000  090  |  00  00  00  FE  00  43  4D  4E  0A  20
9:529  0:000  100  |  20  20  20  20  20  20  20  20  00  00
9:529  0:000  110  |  00  FE  00  4E  31  35  36  48  47  41
9:529  0:000  120  |  2D  45  41  4C  0A  20  00  73
9:529  0:000  Intel HD Graphics 630 [8086:591B] :: PciRoot(0x0)\Pci(0x2,0x0)
9:529  0:000    Found Full HD Display - 16:9 :: Width=1920 Height=1080
9:529  0:000    Beginning DualLink auto-detection
9:529  0:000    High Resolution Display
9:529  0:000    AAPL00,DualLink = 1
9:529  0:000    FakeID Intel GFX: not set
9:529  0:000    ig-platform-id: not set
9:529  0:000    Beginning Intel GFX auto-detection with ACPI injection
9:529  0:000    Found FakeID Intel GFX = 0x591B8086
9:529  0:000    Found ig-platform-id = 0x591B0000
9:529  0:000  Intel GFX revision  = 0x4
9:529  0:000   RCBA disabled; cannot use it
9:529  0:000  stringlength = 2514
9:529  0:000  CurrentMode: Width=1920 Height=1080
9:529  0:000  Beginning FSInjection
FSInjectionInstall ...
- Our FSI_SIMPLE_FILE_SYSTEM_PROTOCOL installed on handle: 858F8A58
FSInjectionInstall ...
- Our FSI_SIMPLE_FILE_SYSTEM_PROTOCOL installed on handle: 858F8A58
9:529  0:000  Use origin smbios table type 1 guid.
9:531  0:001  Preparing kexts injection for arch=x86_64 from EFI\CLOVER\kexts\Other
9:531  0:000  Extra kext: EFI\CLOVER\kexts\Other\VoodooPS2Controller.kext (v.1.8.29)
9:533  0:001    |-- PlugIn kext: EFI\CLOVER\kexts\Other\VoodooPS2Controller.kext\Contents\PlugIns\VoodooPS2Trackpad.kext (v.1.8.29)
9:534  0:001    |-- PlugIn kext: EFI\CLOVER\kexts\Other\VoodooPS2Controller.kext\Contents\PlugIns\VoodooPS2Mouse.kext (v.1.8.29)
9:535  0:000    |-- PlugIn kext: EFI\CLOVER\kexts\Other\VoodooPS2Controller.kext\Contents\PlugIns\VoodooPS2Keyboard.kext (v.1.8.29)
9:537  0:001  Extra kext: EFI\CLOVER\kexts\Other\VoodooHDA.kext (v.2.9.1)
9:538  0:001  Extra kext: EFI\CLOVER\kexts\Other\USBInjectAll.kext (v.0.6.7)
9:596  0:058  Extra kext: EFI\CLOVER\kexts\Other\RealtekRTL8111.kext (v.2.2.2)
9:598  0:001  Extra kext: EFI\CLOVER\kexts\Other\Lilu.kext (v.1.2.3)
9:600  0:001  Extra kext: EFI\CLOVER\kexts\Other\IntelMausiEthernet.kext (v.2.3.0)
9:601  0:001  Extra kext: EFI\CLOVER\kexts\Other\IntelGraphicsFixup.kext (v.1.2.4)
9:602  0:000  Extra kext: EFI\CLOVER\kexts\Other\IntelGraphicsDVMTFixup.kext (v.1.2.0)
9:603  0:001  Extra kext: EFI\CLOVER\kexts\Other\FakeSMC.kext (v.1765)
9:606  0:002  Extra kext: EFI\CLOVER\kexts\Other\AtherosE2200Ethernet.kext (v.2.2.2)
9:607  0:001  Extra kext: EFI\CLOVER\kexts\Other\ACPIBatteryManager.kext (v.1.81.4)
9:609  0:002  Custom boot screen not used because entry has unset use graphics
9:609  0:000  Closing log
